2020-03-19 17:31:28.017  INFO 12316 --- [restartedMain] com.mralmost.MralmostApplication         : Starting MralmostApplication on AlmostMrFX53VD with PID 12316 (F:\develop\IDEA\javawork\mralmost\target\classes started by administered in F:\develop\IDEA\javawork\mralmost)
2020-03-19 17:31:28.031  INFO 12316 --- [restartedMain] com.mralmost.MralmostApplication         : No active profile set, falling back to default profiles: default
2020-03-19 17:31:28.252  INFO 12316 --- [restartedMain] .e.DevToolsPropertyDefaultsPostProcessor : Devtools property defaults active! Set 'spring.devtools.add-properties' to 'false' to disable
2020-03-19 17:31:28.253  INFO 12316 --- [restartedMain] .e.DevToolsPropertyDefaultsPostProcessor : For additional web related logging consider setting the 'logging.level.web' property to 'DEBUG'
2020-03-19 17:31:30.998  INFO 12316 --- [restartedMain] o.s.b.w.embedded.tomcat.TomcatWebServer  : Tomcat initialized with port(s): 80 (http)
2020-03-19 17:31:31.019  INFO 12316 --- [restartedMain] o.apache.catalina.core.StandardService   : Starting service [Tomcat]
2020-03-19 17:31:31.019  INFO 12316 --- [restartedMain] org.apache.catalina.core.StandardEngine  : Starting Servlet engine: [Apache Tomcat/9.0.29]
2020-03-19 17:31:31.169  INFO 12316 --- [restartedMain] o.a.c.c.C.[Tomcat].[localhost].[/]       : Initializing Spring embedded WebApplicationContext
2020-03-19 17:31:31.169  INFO 12316 --- [restartedMain] o.s.web.context.ContextLoader            : Root WebApplicationContext: initialization completed in 2915 ms
2020-03-19 17:31:32.140  INFO 12316 --- [restartedMain] o.s.s.concurrent.ThreadPoolTaskExecutor  : Initializing ExecutorService 'applicationTaskExecutor'
2020-03-19 17:31:32.272  INFO 12316 --- [restartedMain] o.s.b.a.w.s.WelcomePageHandlerMapping    : Adding welcome page template: index
2020-03-19 17:31:33.908  INFO 12316 --- [restartedMain] o.s.b.d.a.OptionalLiveReloadServer       : LiveReload server is running on port 35729
2020-03-19 17:31:33.957  INFO 12316 --- [restartedMain] o.s.b.w.embedded.tomcat.TomcatWebServer  : Tomcat started on port(s): 80 (http) with context path ''
2020-03-19 17:31:33.961  INFO 12316 --- [restartedMain] com.mralmost.MralmostApplication         : Started MralmostApplication in 6.664 seconds (JVM running for 8.996)
2020-03-19 17:31:48.548  INFO 12316 --- [http-nio-80-exec-1] o.a.c.c.C.[Tomcat].[localhost].[/]       : Initializing Spring DispatcherServlet 'dispatcherServlet'
2020-03-19 17:31:48.549  INFO 12316 --- [http-nio-80-exec-1] o.s.web.servlet.DispatcherServlet        : Initializing Servlet 'dispatcherServlet'
2020-03-19 17:31:48.555  INFO 12316 --- [http-nio-80-exec-1] o.s.web.servlet.DispatcherServlet        : Completed initialization in 6 ms
2020-03-19 17:31:48.724  INFO 12316 --- [http-nio-80-exec-1] com.zaxxer.hikari.HikariDataSource       : HikariPool-1 - Starting...
2020-03-19 17:31:49.216  INFO 12316 --- [http-nio-80-exec-1] com.zaxxer.hikari.HikariDataSource       : HikariPool-1 - Start completed.
2020-03-19 17:31:50.607  WARN 12316 --- [http-nio-80-exec-9] .m.m.a.ExceptionHandlerExceptionResolver : Resolved [java.lang.NumberFormatException: For input string: "favicon.ico"]
2020-03-19 17:38:07.689  INFO 6832 --- [restartedMain] com.mralmost.MralmostApplication         : Starting MralmostApplication on AlmostMrFX53VD with PID 6832 (F:\develop\IDEA\javawork\mralmost\target\classes started by administered in F:\develop\IDEA\javawork\mralmost)
2020-03-19 17:38:07.692  INFO 6832 --- [restartedMain] com.mralmost.MralmostApplication         : No active profile set, falling back to default profiles: default
2020-03-19 17:38:07.758  INFO 6832 --- [restartedMain] .e.DevToolsPropertyDefaultsPostProcessor : Devtools property defaults active! Set 'spring.devtools.add-properties' to 'false' to disable
2020-03-19 17:38:07.762  INFO 6832 --- [restartedMain] .e.DevToolsPropertyDefaultsPostProcessor : For additional web related logging consider setting the 'logging.level.web' property to 'DEBUG'
2020-03-19 17:38:09.012  INFO 6832 --- [restartedMain] o.s.b.w.embedded.tomcat.TomcatWebServer  : Tomcat initialized with port(s): 80 (http)
2020-03-19 17:38:09.021  INFO 6832 --- [restartedMain] o.apache.catalina.core.StandardService   : Starting service [Tomcat]
2020-03-19 17:38:09.022  INFO 6832 --- [restartedMain] org.apache.catalina.core.StandardEngine  : Starting Servlet engine: [Apache Tomcat/9.0.29]
2020-03-19 17:38:09.120  INFO 6832 --- [restartedMain] o.a.c.c.C.[Tomcat].[localhost].[/]       : Initializing Spring embedded WebApplicationContext
2020-03-19 17:38:09.121  INFO 6832 --- [restartedMain] o.s.web.context.ContextLoader            : Root WebApplicationContext: initialization completed in 1359 ms
2020-03-19 17:38:09.808  INFO 6832 --- [restartedMain] o.s.s.concurrent.ThreadPoolTaskExecutor  : Initializing ExecutorService 'applicationTaskExecutor'
2020-03-19 17:38:09.874  INFO 6832 --- [restartedMain] o.s.b.a.w.s.WelcomePageHandlerMapping    : Adding welcome page template: index
2020-03-19 17:38:10.129  INFO 6832 --- [restartedMain] o.s.b.d.a.OptionalLiveReloadServer       : LiveReload server is running on port 35729
2020-03-19 17:38:10.171  INFO 6832 --- [restartedMain] o.s.b.w.embedded.tomcat.TomcatWebServer  : Tomcat started on port(s): 80 (http) with context path ''
2020-03-19 17:38:10.175  INFO 6832 --- [restartedMain] com.mralmost.MralmostApplication         : Started MralmostApplication in 2.857 seconds (JVM running for 4.065)
2020-03-19 17:38:24.783  INFO 6832 --- [http-nio-80-exec-1] o.a.c.c.C.[Tomcat].[localhost].[/]       : Initializing Spring DispatcherServlet 'dispatcherServlet'
2020-03-19 17:38:24.783  INFO 6832 --- [http-nio-80-exec-1] o.s.web.servlet.DispatcherServlet        : Initializing Servlet 'dispatcherServlet'
2020-03-19 17:38:24.788  INFO 6832 --- [http-nio-80-exec-1] o.s.web.servlet.DispatcherServlet        : Completed initialization in 5 ms
2020-03-19 17:38:24.838  INFO 6832 --- [http-nio-80-exec-1] com.zaxxer.hikari.HikariDataSource       : HikariPool-1 - Starting...
2020-03-19 17:38:25.024  INFO 6832 --- [http-nio-80-exec-1] com.zaxxer.hikari.HikariDataSource       : HikariPool-1 - Start completed.
2020-03-19 17:38:25.611  WARN 6832 --- [http-nio-80-exec-3] .m.m.a.ExceptionHandlerExceptionResolver : Resolved [java.lang.NumberFormatException: For input string: "favicon.ico"]
2020-03-19 17:38:28.216  WARN 6832 --- [http-nio-80-exec-3] .m.m.a.ExceptionHandlerExceptionResolver : Resolved [java.lang.NumberFormatException: For input string: "favicon.ico"]
2020-03-19 17:38:30.143  WARN 6832 --- [http-nio-80-exec-3] .m.m.a.ExceptionHandlerExceptionResolver : Resolved [java.lang.NumberFormatException: For input string: "favicon.ico"]
2020-03-19 17:39:06.868  WARN 6832 --- [http-nio-80-exec-6] .m.m.a.ExceptionHandlerExceptionResolver : Resolved [java.lang.NumberFormatException: For input string: "favicon.ico"]
2020-03-19 17:39:08.460  WARN 6832 --- [http-nio-80-exec-7] .m.m.a.ExceptionHandlerExceptionResolver : Resolved [java.lang.NumberFormatException: For input string: "favicon.ico"]
2020-03-19 17:39:15.570  WARN 6832 --- [http-nio-80-exec-4] .m.m.a.ExceptionHandlerExceptionResolver : Resolved [java.lang.NumberFormatException: For input string: "favicon.ico"]
2020-03-19 17:39:19.964  WARN 6832 --- [http-nio-80-exec-9] .m.m.a.ExceptionHandlerExceptionResolver : Resolved [java.lang.NumberFormatException: For input string: "favicon.ico"]
2020-03-19 17:39:41.848  WARN 6832 --- [http-nio-80-exec-3] .m.m.a.ExceptionHandlerExceptionResolver : Resolved [java.lang.NumberFormatException: For input string: "favicon.ico"]
2020-03-19 17:39:45.814  WARN 6832 --- [http-nio-80-exec-10] .m.m.a.ExceptionHandlerExceptionResolver : Resolved [java.lang.NumberFormatException: For input string: "favicon.ico"]
2020-03-19 17:40:50.371  INFO 6832 --- [Thread-10] o.s.s.concurrent.ThreadPoolTaskExecutor  : Shutting down ExecutorService 'applicationTaskExecutor'
2020-03-19 17:40:50.373  INFO 6832 --- [Thread-10] com.zaxxer.hikari.HikariDataSource       : HikariPool-1 - Shutdown initiated...
2020-03-19 17:40:50.379  INFO 6832 --- [Thread-10] com.zaxxer.hikari.HikariDataSource       : HikariPool-1 - Shutdown completed.
2020-03-19 17:41:02.231  INFO 13692 --- [restartedMain] com.mralmost.MralmostApplication         : Starting MralmostApplication on AlmostMrFX53VD with PID 13692 (F:\develop\IDEA\javawork\mralmost\target\classes started by administered in F:\develop\IDEA\javawork\mralmost)
2020-03-19 17:41:02.234  INFO 13692 --- [restartedMain] com.mralmost.MralmostApplication         : No active profile set, falling back to default profiles: default
2020-03-19 17:41:02.327  INFO 13692 --- [restartedMain] .e.DevToolsPropertyDefaultsPostProcessor : Devtools property defaults active! Set 'spring.devtools.add-properties' to 'false' to disable
2020-03-19 17:41:02.327  INFO 13692 --- [restartedMain] .e.DevToolsPropertyDefaultsPostProcessor : For additional web related logging consider setting the 'logging.level.web' property to 'DEBUG'
2020-03-19 17:41:03.655  INFO 13692 --- [restartedMain] o.s.b.w.embedded.tomcat.TomcatWebServer  : Tomcat initialized with port(s): 80 (http)
2020-03-19 17:41:03.664  INFO 13692 --- [restartedMain] o.apache.catalina.core.StandardService   : Starting service [Tomcat]
2020-03-19 17:41:03.664  INFO 13692 --- [restartedMain] org.apache.catalina.core.StandardEngine  : Starting Servlet engine: [Apache Tomcat/9.0.29]
2020-03-19 17:41:03.755  INFO 13692 --- [restartedMain] o.a.c.c.C.[Tomcat].[localhost].[/]       : Initializing Spring embedded WebApplicationContext
2020-03-19 17:41:03.755  INFO 13692 --- [restartedMain] o.s.web.context.ContextLoader            : Root WebApplicationContext: initialization completed in 1428 ms
2020-03-19 17:41:04.346  INFO 13692 --- [restartedMain] o.s.s.concurrent.ThreadPoolTaskExecutor  : Initializing ExecutorService 'applicationTaskExecutor'
2020-03-19 17:41:04.412  INFO 13692 --- [restartedMain] o.s.b.a.w.s.WelcomePageHandlerMapping    : Adding welcome page template: index
2020-03-19 17:41:04.755  INFO 13692 --- [restartedMain] o.s.b.d.a.OptionalLiveReloadServer       : LiveReload server is running on port 35729
2020-03-19 17:41:04.813  INFO 13692 --- [restartedMain] o.s.b.w.embedded.tomcat.TomcatWebServer  : Tomcat started on port(s): 80 (http) with context path ''
2020-03-19 17:41:04.820  INFO 13692 --- [restartedMain] com.mralmost.MralmostApplication         : Started MralmostApplication in 3.104 seconds (JVM running for 4.279)
2020-03-19 17:41:11.247  INFO 13692 --- [http-nio-80-exec-1] o.a.c.c.C.[Tomcat].[localhost].[/]       : Initializing Spring DispatcherServlet 'dispatcherServlet'
2020-03-19 17:41:11.247  INFO 13692 --- [http-nio-80-exec-1] o.s.web.servlet.DispatcherServlet        : Initializing Servlet 'dispatcherServlet'
2020-03-19 17:41:11.254  INFO 13692 --- [http-nio-80-exec-1] o.s.web.servlet.DispatcherServlet        : Completed initialization in 7 ms
2020-03-19 17:41:11.311  INFO 13692 --- [http-nio-80-exec-1] com.zaxxer.hikari.HikariDataSource       : HikariPool-1 - Starting...
2020-03-19 17:41:11.430  INFO 13692 --- [http-nio-80-exec-1] com.zaxxer.hikari.HikariDataSource       : HikariPool-1 - Start completed.
2020-03-19 17:41:12.211  WARN 13692 --- [http-nio-80-exec-4] .m.m.a.ExceptionHandlerExceptionResolver : Resolved [java.lang.NumberFormatException: For input string: "favicon.ico"]
2020-03-19 17:41:14.140  WARN 13692 --- [http-nio-80-exec-2] .m.m.a.ExceptionHandlerExceptionResolver : Resolved [java.lang.NumberFormatException: For input string: "favicon.ico"]
2020-03-19 17:41:27.318  WARN 13692 --- [http-nio-80-exec-10] .m.m.a.ExceptionHandlerExceptionResolver : Resolved [java.lang.NumberFormatException: For input string: "favicon.ico"]
2020-03-19 17:41:28.657  WARN 13692 --- [http-nio-80-exec-4] .m.m.a.ExceptionHandlerExceptionResolver : Resolved [java.lang.NumberFormatException: For input string: "favicon.ico"]
2020-03-19 17:41:29.643  WARN 13692 --- [http-nio-80-exec-1] .m.m.a.ExceptionHandlerExceptionResolver : Resolved [java.lang.NumberFormatException: For input string: "favicon.ico"]
2020-03-19 18:09:56.172  INFO 15160 --- [restartedMain] com.mralmost.MralmostApplication         : Starting MralmostApplication on AlmostMrFX53VD with PID 15160 (F:\develop\IDEA\javawork\mralmost\target\classes started by administered in F:\develop\IDEA\javawork\mralmost)
2020-03-19 18:09:56.175  INFO 15160 --- [restartedMain] com.mralmost.MralmostApplication         : No active profile set, falling back to default profiles: default
2020-03-19 18:09:56.239  INFO 15160 --- [restartedMain] .e.DevToolsPropertyDefaultsPostProcessor : Devtools property defaults active! Set 'spring.devtools.add-properties' to 'false' to disable
2020-03-19 18:09:56.239  INFO 15160 --- [restartedMain] .e.DevToolsPropertyDefaultsPostProcessor : For additional web related logging consider setting the 'logging.level.web' property to 'DEBUG'
2020-03-19 18:10:26.434  INFO 1480 --- [restartedMain] com.mralmost.MralmostApplication         : Starting MralmostApplication on AlmostMrFX53VD with PID 1480 (F:\develop\IDEA\javawork\mralmost\target\classes started by administered in F:\develop\IDEA\javawork\mralmost)
2020-03-19 18:10:26.437  INFO 1480 --- [restartedMain] com.mralmost.MralmostApplication         : No active profile set, falling back to default profiles: default
2020-03-19 18:10:26.501  INFO 1480 --- [restartedMain] .e.DevToolsPropertyDefaultsPostProcessor : Devtools property defaults active! Set 'spring.devtools.add-properties' to 'false' to disable
2020-03-19 18:10:26.501  INFO 1480 --- [restartedMain] .e.DevToolsPropertyDefaultsPostProcessor : For additional web related logging consider setting the 'logging.level.web' property to 'DEBUG'
2020-03-19 18:10:27.753  INFO 1480 --- [restartedMain] o.s.b.w.embedded.tomcat.TomcatWebServer  : Tomcat initialized with port(s): 80 (http)
2020-03-19 18:10:27.761  INFO 1480 --- [restartedMain] o.apache.catalina.core.StandardService   : Starting service [Tomcat]
2020-03-19 18:10:27.761  INFO 1480 --- [restartedMain] org.apache.catalina.core.StandardEngine  : Starting Servlet engine: [Apache Tomcat/9.0.29]
2020-03-19 18:10:27.854  INFO 1480 --- [restartedMain] o.a.c.c.C.[Tomcat].[localhost].[/]       : Initializing Spring embedded WebApplicationContext
2020-03-19 18:10:27.855  INFO 1480 --- [restartedMain] o.s.web.context.ContextLoader            : Root WebApplicationContext: initialization completed in 1354 ms
2020-03-19 18:10:28.459  INFO 1480 --- [restartedMain] o.s.s.concurrent.ThreadPoolTaskExecutor  : Initializing ExecutorService 'applicationTaskExecutor'
2020-03-19 18:10:28.516  INFO 1480 --- [restartedMain] o.s.b.a.w.s.WelcomePageHandlerMapping    : Adding welcome page template: index
2020-03-19 18:10:28.750  INFO 1480 --- [restartedMain] o.s.b.d.a.OptionalLiveReloadServer       : LiveReload server is running on port 35729
2020-03-19 18:10:28.790  INFO 1480 --- [restartedMain] o.s.b.w.embedded.tomcat.TomcatWebServer  : Tomcat started on port(s): 80 (http) with context path ''
2020-03-19 18:10:28.793  INFO 1480 --- [restartedMain] com.mralmost.MralmostApplication         : Started MralmostApplication in 2.756 seconds (JVM running for 3.895)
2020-03-19 18:10:32.728  INFO 1480 --- [http-nio-80-exec-1] o.a.c.c.C.[Tomcat].[localhost].[/]       : Initializing Spring DispatcherServlet 'dispatcherServlet'
2020-03-19 18:10:32.728  INFO 1480 --- [http-nio-80-exec-1] o.s.web.servlet.DispatcherServlet        : Initializing Servlet 'dispatcherServlet'
2020-03-19 18:10:32.734  INFO 1480 --- [http-nio-80-exec-1] o.s.web.servlet.DispatcherServlet        : Completed initialization in 6 ms
2020-03-19 18:10:32.829  INFO 1480 --- [http-nio-80-exec-1] com.zaxxer.hikari.HikariDataSource       : HikariPool-1 - Starting...
2020-03-19 18:10:32.988  INFO 1480 --- [http-nio-80-exec-1] com.zaxxer.hikari.HikariDataSource       : HikariPool-1 - Start completed.
2020-03-19 18:10:33.631  WARN 1480 --- [http-nio-80-exec-5] .m.m.a.ExceptionHandlerExceptionResolver : Resolved [java.lang.NumberFormatException: For input string: "favicon.ico"]
2020-03-19 18:10:34.942  WARN 1480 --- [http-nio-80-exec-4] .m.m.a.ExceptionHandlerExceptionResolver : Resolved [java.lang.NumberFormatException: For input string: "favicon.ico"]
2020-03-19 18:10:43.884  WARN 1480 --- [http-nio-80-exec-1] .m.m.a.ExceptionHandlerExceptionResolver : Resolved [java.lang.NumberFormatException: For input string: "favicon.ico"]
2020-03-19 18:10:46.392  WARN 1480 --- [http-nio-80-exec-6] .m.m.a.ExceptionHandlerExceptionResolver : Resolved [java.lang.NumberFormatException: For input string: "favicon.ico"]
2020-03-19 18:10:47.264  WARN 1480 --- [http-nio-80-exec-3] .m.m.a.ExceptionHandlerExceptionResolver : Resolved [java.lang.NumberFormatException: For input string: "favicon.ico"]
2020-03-19 18:10:49.172  WARN 1480 --- [http-nio-80-exec-1] .m.m.a.ExceptionHandlerExceptionResolver : Resolved [java.lang.NumberFormatException: For input string: "favicon.ico"]
2020-03-19 18:10:52.981  WARN 1480 --- [http-nio-80-exec-5] .m.m.a.ExceptionHandlerExceptionResolver : Resolved [java.lang.NumberFormatException: For input string: "favicon.ico"]
2020-03-19 18:10:56.325  WARN 1480 --- [http-nio-80-exec-1] .m.m.a.ExceptionHandlerExceptionResolver : Resolved [java.lang.NumberFormatException: For input string: "favicon.ico"]
2020-03-19 18:10:58.300  WARN 1480 --- [http-nio-80-exec-6] .m.m.a.ExceptionHandlerExceptionResolver : Resolved [java.lang.NumberFormatException: For input string: "favicon.ico"]
2020-03-19 18:11:00.022  WARN 1480 --- [http-nio-80-exec-4] .m.m.a.ExceptionHandlerExceptionResolver : Resolved [java.lang.NumberFormatException: For input string: "favicon.ico"]
2020-03-19 18:11:00.947  WARN 1480 --- [http-nio-80-exec-10] .m.m.a.ExceptionHandlerExceptionResolver : Resolved [java.lang.NumberFormatException: For input string: "favicon.ico"]
2020-03-19 18:11:27.488  WARN 1480 --- [http-nio-80-exec-5] .m.m.a.ExceptionHandlerExceptionResolver : Resolved [java.lang.NumberFormatException: For input string: "favicon.ico"]
2020-03-19 18:11:28.337  WARN 1480 --- [http-nio-80-exec-4] .m.m.a.ExceptionHandlerExceptionResolver : Resolved [java.lang.NumberFormatException: For input string: "favicon.ico"]
2020-03-19 18:11:35.537  WARN 1480 --- [http-nio-80-exec-2] .m.m.a.ExceptionHandlerExceptionResolver : Resolved [java.lang.NumberFormatException: For input string: "favicon.ico"]
2020-03-19 18:11:36.969  WARN 1480 --- [http-nio-80-exec-7] .m.m.a.ExceptionHandlerExceptionResolver : Resolved [java.lang.NumberFormatException: For input string: "favicon.ico"]
2020-03-19 18:11:41.084  WARN 1480 --- [http-nio-80-exec-9] .m.m.a.ExceptionHandlerExceptionResolver : Resolved [java.lang.NumberFormatException: For input string: "favicon.ico"]
2020-03-19 18:11:42.852  WARN 1480 --- [http-nio-80-exec-4] .m.m.a.ExceptionHandlerExceptionResolver : Resolved [java.lang.NumberFormatException: For input string: "favicon.ico"]
2020-03-19 18:11:44.519  WARN 1480 --- [http-nio-80-exec-7] .m.m.a.ExceptionHandlerExceptionResolver : Resolved [java.lang.NumberFormatException: For input string: "favicon.ico"]
2020-03-19 18:11:48.197  WARN 1480 --- [http-nio-80-exec-10] .m.m.a.ExceptionHandlerExceptionResolver : Resolved [java.lang.NumberFormatException: For input string: "favicon.ico"]
2020-03-19 18:13:05.994  WARN 1480 --- [http-nio-80-exec-8] .m.m.a.ExceptionHandlerExceptionResolver : Resolved [java.lang.NumberFormatException: For input string: "favicon.ico"]
2020-03-19 18:13:07.203  WARN 1480 --- [http-nio-80-exec-4] .m.m.a.ExceptionHandlerExceptionResolver : Resolved [java.lang.NumberFormatException: For input string: "favicon.ico"]
2020-03-19 18:13:29.825  WARN 1480 --- [http-nio-80-exec-6] .m.m.a.ExceptionHandlerExceptionResolver : Resolved [com.mralmost.community.exception.CustomException: 你这个请求错了吧，要不然换个姿势？]
2020-03-19 18:13:29.875  WARN 1480 --- [http-nio-80-exec-2] .m.m.a.ExceptionHandlerExceptionResolver : Resolved [java.lang.NumberFormatException: For input string: "favicon.ico"]
2020-03-19 18:14:11.471  WARN 1480 --- [http-nio-80-exec-8] .m.m.a.ExceptionHandlerExceptionResolver : Resolved [java.lang.NumberFormatException: For input string: "favicon.ico"]
2020-03-19 18:15:17.468  WARN 1480 --- [http-nio-80-exec-7] .m.m.a.ExceptionHandlerExceptionResolver : Resolved [java.lang.NumberFormatException: For input string: "favicon.ico"]
2020-03-19 18:16:24.838  WARN 1480 --- [http-nio-80-exec-2] .m.m.a.ExceptionHandlerExceptionResolver : Resolved [java.lang.NumberFormatException: For input string: "favicon.ico"]
2020-03-19 18:24:19.487  INFO 13152 --- [restartedMain] com.mralmost.MralmostApplication         : Starting MralmostApplication on AlmostMrFX53VD with PID 13152 (F:\develop\IDEA\javawork\mralmost\target\classes started by administered in F:\develop\IDEA\javawork\mralmost)
2020-03-19 18:24:19.489  INFO 13152 --- [restartedMain] com.mralmost.MralmostApplication         : No active profile set, falling back to default profiles: default
2020-03-19 18:24:19.535  INFO 13152 --- [restartedMain] .e.DevToolsPropertyDefaultsPostProcessor : Devtools property defaults active! Set 'spring.devtools.add-properties' to 'false' to disable
2020-03-19 18:24:19.535  INFO 13152 --- [restartedMain] .e.DevToolsPropertyDefaultsPostProcessor : For additional web related logging consider setting the 'logging.level.web' property to 'DEBUG'
2020-03-19 18:24:20.903  INFO 13152 --- [restartedMain] o.s.b.w.embedded.tomcat.TomcatWebServer  : Tomcat initialized with port(s): 80 (http)
2020-03-19 18:24:20.911  INFO 13152 --- [restartedMain] o.apache.catalina.core.StandardService   : Starting service [Tomcat]
2020-03-19 18:24:20.912  INFO 13152 --- [restartedMain] org.apache.catalina.core.StandardEngine  : Starting Servlet engine: [Apache Tomcat/9.0.29]
2020-03-19 18:24:21.002  INFO 13152 --- [restartedMain] o.a.c.c.C.[Tomcat].[localhost].[/]       : Initializing Spring embedded WebApplicationContext
2020-03-19 18:24:21.003  INFO 13152 --- [restartedMain] o.s.web.context.ContextLoader            : Root WebApplicationContext: initialization completed in 1468 ms
2020-03-19 18:24:21.684  INFO 13152 --- [restartedMain] o.s.s.concurrent.ThreadPoolTaskExecutor  : Initializing ExecutorService 'applicationTaskExecutor'
2020-03-19 18:24:21.741  INFO 13152 --- [restartedMain] o.s.b.a.w.s.WelcomePageHandlerMapping    : Adding welcome page template: index
2020-03-19 18:24:21.996  INFO 13152 --- [restartedMain] o.s.b.d.a.OptionalLiveReloadServer       : LiveReload server is running on port 35729
2020-03-19 18:24:22.040  INFO 13152 --- [restartedMain] o.s.b.w.embedded.tomcat.TomcatWebServer  : Tomcat started on port(s): 80 (http) with context path ''
2020-03-19 18:24:22.043  INFO 13152 --- [restartedMain] com.mralmost.MralmostApplication         : Started MralmostApplication in 2.948 seconds (JVM running for 4.101)
2020-03-19 18:24:33.629  INFO 13152 --- [http-nio-80-exec-1] o.a.c.c.C.[Tomcat].[localhost].[/]       : Initializing Spring DispatcherServlet 'dispatcherServlet'
2020-03-19 18:24:33.629  INFO 13152 --- [http-nio-80-exec-1] o.s.web.servlet.DispatcherServlet        : Initializing Servlet 'dispatcherServlet'
2020-03-19 18:24:33.634  INFO 13152 --- [http-nio-80-exec-1] o.s.web.servlet.DispatcherServlet        : Completed initialization in 4 ms
2020-03-19 18:24:33.701  INFO 13152 --- [http-nio-80-exec-1] com.zaxxer.hikari.HikariDataSource       : HikariPool-1 - Starting...
2020-03-19 18:24:33.816  INFO 13152 --- [http-nio-80-exec-1] com.zaxxer.hikari.HikariDataSource       : HikariPool-1 - Start completed.
2020-03-19 18:24:34.504  WARN 13152 --- [http-nio-80-exec-3] .m.m.a.ExceptionHandlerExceptionResolver : Resolved [java.lang.NumberFormatException: For input string: "favicon.ico"]
2020-03-19 18:24:37.143  WARN 13152 --- [http-nio-80-exec-6] .m.m.a.ExceptionHandlerExceptionResolver : Resolved [java.lang.NumberFormatException: For input string: "favicon.ico"]
2020-03-19 18:24:38.701  WARN 13152 --- [http-nio-80-exec-10] .m.m.a.ExceptionHandlerExceptionResolver : Resolved [java.lang.NumberFormatException: For input string: "favicon.ico"]
2020-03-19 18:24:40.151  WARN 13152 --- [http-nio-80-exec-9] .m.m.a.ExceptionHandlerExceptionResolver : Resolved [java.lang.NumberFormatException: For input string: "favicon.ico"]
2020-03-19 18:24:41.198  WARN 13152 --- [http-nio-80-exec-3] .m.m.a.ExceptionHandlerExceptionResolver : Resolved [java.lang.NumberFormatException: For input string: "favicon.ico"]
2020-03-19 18:24:49.218  WARN 13152 --- [http-nio-80-exec-10] .m.m.a.ExceptionHandlerExceptionResolver : Resolved [java.lang.NumberFormatException: For input string: "favicon.ico"]
2020-03-19 18:24:50.586  WARN 13152 --- [http-nio-80-exec-7] .m.m.a.ExceptionHandlerExceptionResolver : Resolved [java.lang.NumberFormatException: For input string: "favicon.ico"]
2020-03-19 18:24:55.237  WARN 13152 --- [http-nio-80-exec-1] .m.m.a.ExceptionHandlerExceptionResolver : Resolved [java.lang.NumberFormatException: For input string: "favicon.ico"]
2020-03-19 18:24:56.916  WARN 13152 --- [http-nio-80-exec-7] .m.m.a.ExceptionHandlerExceptionResolver : Resolved [java.lang.NumberFormatException: For input string: "favicon.ico"]
2020-03-19 18:25:45.912  INFO 15000 --- [restartedMain] com.mralmost.MralmostApplication         : Starting MralmostApplication on AlmostMrFX53VD with PID 15000 (F:\develop\IDEA\javawork\mralmost\target\classes started by administered in F:\develop\IDEA\javawork\mralmost)
2020-03-19 18:25:45.915  INFO 15000 --- [restartedMain] com.mralmost.MralmostApplication         : No active profile set, falling back to default profiles: default
2020-03-19 18:25:45.958  INFO 15000 --- [restartedMain] .e.DevToolsPropertyDefaultsPostProcessor : Devtools property defaults active! Set 'spring.devtools.add-properties' to 'false' to disable
2020-03-19 18:25:45.958  INFO 15000 --- [restartedMain] .e.DevToolsPropertyDefaultsPostProcessor : For additional web related logging consider setting the 'logging.level.web' property to 'DEBUG'
2020-03-19 18:25:47.153  INFO 15000 --- [restartedMain] o.s.b.w.embedded.tomcat.TomcatWebServer  : Tomcat initialized with port(s): 80 (http)
2020-03-19 18:25:47.163  INFO 15000 --- [restartedMain] o.apache.catalina.core.StandardService   : Starting service [Tomcat]
2020-03-19 18:25:47.164  INFO 15000 --- [restartedMain] org.apache.catalina.core.StandardEngine  : Starting Servlet engine: [Apache Tomcat/9.0.29]
2020-03-19 18:25:47.305  INFO 15000 --- [restartedMain] o.a.c.c.C.[Tomcat].[localhost].[/]       : Initializing Spring embedded WebApplicationContext
2020-03-19 18:25:47.306  INFO 15000 --- [restartedMain] o.s.web.context.ContextLoader            : Root WebApplicationContext: initialization completed in 1348 ms
2020-03-19 18:25:48.056  INFO 15000 --- [restartedMain] o.s.s.concurrent.ThreadPoolTaskExecutor  : Initializing ExecutorService 'applicationTaskExecutor'
2020-03-19 18:25:48.116  INFO 15000 --- [restartedMain] o.s.b.a.w.s.WelcomePageHandlerMapping    : Adding welcome page template: index
2020-03-19 18:25:48.363  INFO 15000 --- [restartedMain] o.s.b.d.a.OptionalLiveReloadServer       : LiveReload server is running on port 35729
2020-03-19 18:25:48.405  INFO 15000 --- [restartedMain] o.s.b.w.embedded.tomcat.TomcatWebServer  : Tomcat started on port(s): 80 (http) with context path ''
2020-03-19 18:25:48.409  INFO 15000 --- [restartedMain] com.mralmost.MralmostApplication         : Started MralmostApplication in 2.867 seconds (JVM running for 4.044)
2020-03-19 18:26:09.567  INFO 15000 --- [http-nio-80-exec-1] o.a.c.c.C.[Tomcat].[localhost].[/]       : Initializing Spring DispatcherServlet 'dispatcherServlet'
2020-03-19 18:26:09.569  INFO 15000 --- [http-nio-80-exec-1] o.s.web.servlet.DispatcherServlet        : Initializing Servlet 'dispatcherServlet'
2020-03-19 18:26:09.577  INFO 15000 --- [http-nio-80-exec-1] o.s.web.servlet.DispatcherServlet        : Completed initialization in 7 ms
2020-03-19 18:26:09.648  INFO 15000 --- [http-nio-80-exec-1] com.zaxxer.hikari.HikariDataSource       : HikariPool-1 - Starting...
2020-03-19 18:26:09.781  INFO 15000 --- [http-nio-80-exec-1] com.zaxxer.hikari.HikariDataSource       : HikariPool-1 - Start completed.
2020-03-19 18:26:10.526  WARN 15000 --- [http-nio-80-exec-1] .m.m.a.ExceptionHandlerExceptionResolver : Resolved [java.lang.NumberFormatException: For input string: "favicon.ico"]
2020-03-19 18:26:12.649  WARN 15000 --- [http-nio-80-exec-9] .m.m.a.ExceptionHandlerExceptionResolver : Resolved [java.lang.NumberFormatException: For input string: "favicon.ico"]
2020-03-19 18:26:15.564  WARN 15000 --- [http-nio-80-exec-7] .m.m.a.ExceptionHandlerExceptionResolver : Resolved [java.lang.NumberFormatException: For input string: "favicon.ico"]
2020-03-19 18:26:16.487  WARN 15000 --- [http-nio-80-exec-2] .m.m.a.ExceptionHandlerExceptionResolver : Resolved [java.lang.NumberFormatException: For input string: "favicon.ico"]
2020-03-19 18:26:20.104  WARN 15000 --- [http-nio-80-exec-4] .m.m.a.ExceptionHandlerExceptionResolver : Resolved [java.lang.NumberFormatException: For input string: "favicon.ico"]
2020-03-19 18:26:21.284  WARN 15000 --- [http-nio-80-exec-3] .m.m.a.ExceptionHandlerExceptionResolver : Resolved [java.lang.NumberFormatException: For input string: "favicon.ico"]
2020-03-19 18:26:21.616  WARN 15000 --- [http-nio-80-exec-5] .m.m.a.ExceptionHandlerExceptionResolver : Resolved [java.lang.NumberFormatException: For input string: "favicon.ico"]
2020-03-19 18:26:23.110  WARN 15000 --- [http-nio-80-exec-8] .m.m.a.ExceptionHandlerExceptionResolver : Resolved [java.lang.NumberFormatException: For input string: "favicon.ico"]
2020-03-19 18:26:23.893  WARN 15000 --- [http-nio-80-exec-4] .m.m.a.ExceptionHandlerExceptionResolver : Resolved [java.lang.NumberFormatException: For input string: "favicon.ico"]
2020-03-19 18:26:26.889  WARN 15000 --- [http-nio-80-exec-9] .m.m.a.ExceptionHandlerExceptionResolver : Resolved [java.lang.NumberFormatException: For input string: "favicon.ico"]
2020-03-19 18:26:28.253  WARN 15000 --- [http-nio-80-exec-6] .m.m.a.ExceptionHandlerExceptionResolver : Resolved [java.lang.NumberFormatException: For input string: "favicon.ico"]
2020-03-19 18:26:34.469  WARN 15000 --- [http-nio-80-exec-8] .m.m.a.ExceptionHandlerExceptionResolver : Resolved [java.lang.NumberFormatException: For input string: "favicon.ico"]
2020-03-19 18:26:36.209  WARN 15000 --- [http-nio-80-exec-1] .m.m.a.ExceptionHandlerExceptionResolver : Resolved [java.lang.NumberFormatException: For input string: "favicon.ico"]
2020-03-19 18:26:37.244  WARN 15000 --- [http-nio-80-exec-7] .m.m.a.ExceptionHandlerExceptionResolver : Resolved [java.lang.NumberFormatException: For input string: "favicon.ico"]
2020-03-19 18:26:47.664  WARN 15000 --- [http-nio-80-exec-5] .m.m.a.ExceptionHandlerExceptionResolver : Resolved [java.lang.NumberFormatException: For input string: "favicon.ico"]
2020-03-19 18:26:51.747  WARN 15000 --- [http-nio-80-exec-4] .m.m.a.ExceptionHandlerExceptionResolver : Resolved [java.lang.NumberFormatException: For input string: "favicon.ico"]
2020-03-19 18:26:57.002  WARN 15000 --- [http-nio-80-exec-3] .m.m.a.ExceptionHandlerExceptionResolver : Resolved [java.lang.NumberFormatException: For input string: "favicon.ico"]
2020-03-19 18:27:00.748  WARN 15000 --- [http-nio-80-exec-9] .m.m.a.ExceptionHandlerExceptionResolver : Resolved [java.lang.NumberFormatException: For input string: "favicon.ico"]
2020-03-19 18:27:03.371  WARN 15000 --- [http-nio-80-exec-1] .m.m.a.ExceptionHandlerExceptionResolver : Resolved [java.lang.NumberFormatException: For input string: "favicon.ico"]
2020-03-19 18:27:08.036  WARN 15000 --- [http-nio-80-exec-6] .m.m.a.ExceptionHandlerExceptionResolver : Resolved [java.lang.NumberFormatException: For input string: "favicon.ico"]
2020-03-19 18:27:13.063  WARN 15000 --- [http-nio-80-exec-3] .m.m.a.ExceptionHandlerExceptionResolver : Resolved [java.lang.NumberFormatException: For input string: "favicon.ico"]
2020-03-19 18:27:15.238  WARN 15000 --- [http-nio-80-exec-4] .m.m.a.ExceptionHandlerExceptionResolver : Resolved [java.lang.NumberFormatException: For input string: "favicon.ico"]
2020-03-19 18:27:18.400  WARN 15000 --- [http-nio-80-exec-3] .m.m.a.ExceptionHandlerExceptionResolver : Resolved [java.lang.NumberFormatException: For input string: "favicon.ico"]
2020-03-19 18:27:23.591  WARN 15000 --- [http-nio-80-exec-10] .m.m.a.ExceptionHandlerExceptionResolver : Resolved [java.lang.NumberFormatException: For input string: "favicon.ico"]
2020-03-19 18:35:34.005  INFO 11656 --- [main] com.mralmost.MralmostApplicationTests    : Starting MralmostApplicationTests on AlmostMrFX53VD with PID 11656 (started by administered in F:\develop\IDEA\javawork\mralmost)
2020-03-19 18:35:34.006  INFO 11656 --- [main] com.mralmost.MralmostApplicationTests    : No active profile set, falling back to default profiles: default
2020-03-19 18:35:36.649  INFO 11656 --- [main] o.s.s.concurrent.ThreadPoolTaskExecutor  : Initializing ExecutorService 'applicationTaskExecutor'
2020-03-19 18:35:36.766  INFO 11656 --- [main] o.s.b.a.w.s.WelcomePageHandlerMapping    : Adding welcome page template: index
2020-03-19 18:35:37.150  INFO 11656 --- [main] com.mralmost.MralmostApplicationTests    : Started MralmostApplicationTests in 3.608 seconds (JVM running for 4.948)
2020-03-19 18:35:37.762  INFO 11656 --- [SpringContextShutdownHook] o.s.s.concurrent.ThreadPoolTaskExecutor  : Shutting down ExecutorService 'applicationTaskExecutor'
